Flutter crash report.
Please report a bug at https://github.com/flutter/flutter/issues.

## command

flutter --no-color packages get

## exception

FileSystemException: FileSystemException: Failed to decode data using encoding 'utf-8', path = 'D:\workspace\flutter_tx_record\example\android\gradle.properties'

```
#0      _File._tryDecode (dart:io/file_impl.dart:564:7)
#1      _File.readAsStringSync (dart:io/file_impl.dart:584:7)
#2      ForwardingFile.readAsStringSync (package:file/src/forwarding/forwarding_file.dart:96:16)
#3      ErrorHandlingFile.readAsStringSync.<anonymous closure> (package:flutter_tools/src/base/error_handling_io.dart:209:22)
#4      _runSync (package:flutter_tools/src/base/error_handling_io.dart:556:14)
#5      ErrorHandlingFile.readAsStringSync (package:flutter_tools/src/base/error_handling_io.dart:208:12)
#6      isAppUsingAndroidX (package:flutter_tools/src/android/gradle.dart:806:21)
#7      _writeAndroidPluginRegistrant (package:flutter_tools/src/plugins.dart:624:17)
#8      injectPlugins (package:flutter_tools/src/plugins.dart:1177:11)
<asynchronous suspension>
#9      FlutterProject.ensureReadyForPlatformSpecificTooling (package:flutter_tools/src/project.dart:292:5)
<asynchronous suspension>
#10     PackagesGetCommand.runCommand (package:flutter_tools/src/commands/packages.dart:170:7)
<asynchronous suspension>
#11     FlutterCommand.verifyThenRunCommand (package:flutter_tools/src/runner/flutter_command.dart:1157:12)
<asynchronous suspension>
#12     FlutterCommand.run.<anonymous closure> (package:flutter_tools/src/runner/flutter_command.dart:1009:27)
<asynchronous suspension>
#13     AppContext.run.<anonymous closure> (package:flutter_tools/src/base/context.dart:150:19)
<asynchronous suspension>
#14     AppContext.run (package:flutter_tools/src/base/context.dart:149:12)
<asynchronous suspension>
#15     CommandRunner.runCommand (package:args/command_runner.dart:197:13)
<asynchronous suspension>
#16     FlutterCommandRunner.runCommand.<anonymous closure> (package:flutter_tools/src/runner/flutter_command_runner.dart:278:9)
<asynchronous suspension>
#17     AppContext.run.<anonymous closure> (package:flutter_tools/src/base/context.dart:150:19)
<asynchronous suspension>
#18     AppContext.run (package:flutter_tools/src/base/context.dart:149:12)
<asynchronous suspension>
#19     FlutterCommandRunner.runCommand (package:flutter_tools/src/runner/flutter_command_runner.dart:234:5)
<asynchronous suspension>
#20     run.<anonymous closure>.<anonymous closure> (package:flutter_tools/runner.dart:64:9)
<asynchronous suspension>
#21     run.<anonymous closure> (package:flutter_tools/runner.dart:62:12)
<asynchronous suspension>
#22     AppContext.run.<anonymous closure> (package:flutter_tools/src/base/context.dart:150:19)
<asynchronous suspension>
#23     AppContext.run (package:flutter_tools/src/base/context.dart:149:12)
<asynchronous suspension>
#24     runInContext (package:flutter_tools/src/context_runner.dart:73:10)
<asynchronous suspension>
#25     main (package:flutter_tools/executable.dart:90:3)
<asynchronous suspension>
```

## flutter doctor

```
[✓] Flutter (Channel stable, 2.0.1, on Microsoft Windows [Version 10.0.18362.418], locale zh-CN)
    • Flutter version 2.0.1 at D:\flutter\flutter
    • Framework revision c5a4b4029c (4 months ago), 2021-03-04 09:47:48 -0800
    • Engine revision 40441def69
    • Dart version 2.12.0
    • Pub download mirror https://pub.flutter-io.cn
    • Flutter download mirror https://storage.flutter-io.cn

[✓] Android toolchain - develop for Android devices (Android SDK version 30.0.3)
    • Android SDK at D:\sdk
    • Platform android-30, build-tools 30.0.3
    • Java binary at: D:\Program Files\Android\Android Studio\jre\bin\java
    • Java version OpenJDK Runtime Environment (build 1.8.0_202-release-1483-b03)
    • All Android licenses accepted.

[✓] Chrome - develop for the web
    • Chrome at C:\Users\NING MEI\AppData\Local\Google\Chrome\Application\chrome.exe

[✓] Android Studio (version 3.5)
    • Android Studio at D:\Program Files\Android\Android Studio
    • Flutter plugin version 44.0.1
    • Dart plugin version 191.8593
    • Java version OpenJDK Runtime Environment (build 1.8.0_202-release-1483-b03)

[✓] Connected device (2 available)
    • RMX3031 (mobile) • HE7T5X89PVSCS4KN • android-arm64  • Android 11 (API 30)
    • Chrome (web)     • chrome           • web-javascript • Google Chrome 91.0.4472.106

• No issues found!
```
